<?xml version="1.0" encoding="UTF-8"?>
<!-- Generated by org.testng.reporters.JUnitReportReporter -->
<testsuite hostname="DESKTOP-G3NU5E4" failures="0" tests="1" name="com.test.TestRunner.TestRunner" time="9.548" errors="0" timestamp="05 Jul 2020 20:41:06 GMT" skipped="0">
  <testcase classname="com.test.TestRunner.TestRunner" name="feature" time="9.548"/>
</testsuite> <!-- com.test.TestRunner.TestRunner -->
